<?xml version="1.0" encoding="UTF-8"?>
<!-- Generated by org.testng.reporters.JUnitXMLReporter -->
<testsuite hostname="ind496" ignored="0" name="Create Account Test" tests="1" failures="1" timestamp="22 Feb 2018 11:14:21 GMT" time="35.588" errors="0">
  <testcase name="createAccountTest" time="35.301" classname="com.pageobject.testcases.CreateAccountTest">
    <failure type="org.openqa.selenium.WebDriverException" message="Element is not clickable at point (269, 24.25). Other element would receive the click: &amp;lt;div id=&amp;quot;freezeBackGround&amp;quot; onclick=&amp;quot;javascript:sE(event);&amp;quot; style=&amp;quot;display: block; z-index: 30; position: fixed; top: 0px; left: 0px; height: 667px; width: 1349px;&amp;quot;&amp;gt;&amp;lt;/div&amp;gt;
Command duration or timeout: 87 milliseconds
Build info: version: &amp;apos;2.53.1&amp;apos;, revision: &amp;apos;a36b8b1cd5757287168e54b817830adce9b0158d&amp;apos;, time: &amp;apos;2016-06-30 19:26:09&amp;apos;
System info: host: &amp;apos;ind496&amp;apos;, ip: &amp;apos;10.2.6.54&amp;apos;, os.name: &amp;apos;Windows Vista&amp;apos;, os.arch: &amp;apos;x86&amp;apos;, os.version: &amp;apos;6.0&amp;apos;, java.version: &amp;apos;1.8.0_102&amp;apos;
Driver info: org.openqa.selenium.firefox.FirefoxDriver
Capabilities [{applicationCacheEnabled=true, rotatable=false, handlesAlerts=true, databaseEnabled=true, version=47.0.2, platform=WINDOWS, nativeEvents=false, acceptSslCerts=true, webStorageEnabled=true, locationContextEnabled=true, browserName=firefox, takesScreenshot=true, javascriptEnabled=true, cssSelectorsEnabled=true}]
Session ID: def23af1-3a0b-47e9-af05-e77051b3d4bf">
      <![CDATA[org.openqa.selenium.WebDriverException: Element is not clickable at point (269, 24.25). Other element would receive the click: <div id="freezeBackGround" onclick="javascript:sE(event);" style="display: block; z-index: 30; position: fixed; top: 0px; left: 0px; height: 667px; width: 1349px;"></div>
Command duration or timeout: 87 milliseconds
Build info: version: '2.53.1', revision: 'a36b8b1cd5757287168e54b817830adce9b0158d', time: '2016-06-30 19:26:09'
System info: host: 'ind496', ip: '10.2.6.54', os.name: 'Windows Vista', os.arch: 'x86', os.version: '6.0', java.version: '1.8.0_102'
Driver info: org.openqa.selenium.firefox.FirefoxDriver
Capabilities [{applicationCacheEnabled=true, rotatable=false, handlesAlerts=true, databaseEnabled=true, version=47.0.2, platform=WINDOWS, nativeEvents=false, acceptSslCerts=true, webStorageEnabled=true, locationContextEnabled=true, browserName=firefox, takesScreenshot=true, javascriptEnabled=true, cssSelectorsEnabled=true}]
Session ID: def23af1-3a0b-47e9-af05-e77051b3d4bf
	at org.openqa.selenium.remote.ErrorHandler.createThrowable(ErrorHandler.java:206)
	at org.openqa.selenium.remote.ErrorHandler.throwIfResponseFailed(ErrorHandler.java:158)
	at org.openqa.selenium.remote.RemoteWebDriver.execute(RemoteWebDriver.java:678)
	at org.openqa.selenium.remote.RemoteWebElement.execute(RemoteWebElement.java:327)
	at org.openqa.selenium.remote.RemoteWebElement.click(RemoteWebElement.java:85)
	at com.pageobject.base.Page.click(Page.java:185)
	at com.pageobject.base.TopMenu.goToAccounts(TopMenu.java:35)
	at com.pageobject.testcases.CreateAccountTest.createAccountTest(CreateAccountTest.java:27)
... Removed 32 stack frames]]>
    </failure>
  </testcase> <!-- createAccountTest -->
</testsuite> <!-- Create Account Test -->
