<?xml version="1.0" encoding="UTF-8"?>
<testng-results skipped="0" failed="0" ignored="0" total="1" passed="1">
  <reporter-output>
    <line>
      <![CDATA[Login Test successfully started]]>
    </line>
    <line>
      <![CDATA[Login Test succesfully executed]]>
    </line>
  </reporter-output>
  <suite name="Page Object Model" duration-ms="6711" started-at="2018-01-05T05:34:33Z" finished-at="2018-01-05T05:34:39Z">
    <groups>
    </groups>
    <test name="Login Test" duration-ms="6711" started-at="2018-01-05T05:34:33Z" finished-at="2018-01-05T05:34:39Z">
      <class name="com.pageobject.testcases.LoginTest">
        <test-method status="PASS" signature="loginTest(java.lang.String, java.lang.String, java.lang.String)[pri:0, instance:com.pageobject.testcases.LoginTest@43b914]" name="loginTest" duration-ms="6355" started-at="2018-01-05T11:04:33Z" data-provider="dp" finished-at="2018-01-05T11:04:39Z">
          <params>
            <param index="0">
              <value>
                <![CDATA[anshulgoyal190@gmail.com]]>
              </value>
            </param>
            <param index="1">
              <value>
                <![CDATA[Anshul@12345]]>
              </value>
            </param>
            <param index="2">
              <value>
                <![CDATA[Y]]>
              </value>
            </param>
          </params>
          <reporter-output>
            <line>
              <![CDATA[Login Test successfully started]]>
            </line>
            <line>
              <![CDATA[Login Test succesfully executed]]>
            </line>
          </reporter-output>
        </test-method> <!-- loginTest -->
      </class> <!-- com.pageobject.testcases.LoginTest -->
    </test> <!-- Login Test -->
  </suite> <!-- Page Object Model -->
</testng-results>
