<?xml version="1.0" encoding="UTF-8"?>
<testng-results skipped="0" failed="0" ignored="0" total="2" passed="2">
  <reporter-output>
    <line>
      <![CDATA[Login Test successfully started]]>
    </line>
    <line>
      <![CDATA[Login Test succesfully executed]]>
    </line>
    <line>
      <![CDATA[Login Test successfully started]]>
    </line>
    <line>
      <![CDATA[Login Test succesfully executed]]>
    </line>
  </reporter-output>
  <suite name="Page Object Model" duration-ms="33074" started-at="2018-01-05T05:50:33Z" finished-at="2018-01-05T05:51:06Z">
    <groups>
    </groups>
    <test name="Login Test" duration-ms="4063" started-at="2018-01-05T05:50:33Z" finished-at="2018-01-05T05:50:37Z">
      <class name="com.pageobject.testcases.LoginTest">
        <test-method status="PASS" signature="loginTest(java.lang.String, java.lang.String, java.lang.String)[pri:0, instance:com.pageobject.testcases.LoginTest@43b914]" name="loginTest" duration-ms="3698" started-at="2018-01-05T11:20:33Z" data-provider="dp" finished-at="2018-01-05T11:20:36Z">
          <params>
            <param index="0">
              <value>
                <![CDATA[anshulgoyal190@gmail.com]]>
              </value>
            </param>
            <param index="1">
              <value>
                <![CDATA[Anshul@12345]]>
              </value>
            </param>
            <param index="2">
              <value>
                <![CDATA[Y]]>
              </value>
            </param>
          </params>
          <reporter-output>
            <line>
              <![CDATA[Login Test successfully started]]>
            </line>
            <line>
              <![CDATA[Login Test succesfully executed]]>
            </line>
          </reporter-output>
        </test-method> <!-- loginTest -->
      </class> <!-- com.pageobject.testcases.LoginTest -->
    </test> <!-- Login Test -->
    <test name="Create Account Test" duration-ms="28997" started-at="2018-01-05T05:50:37Z" finished-at="2018-01-05T05:51:06Z">
      <class name="com.pageobject.testcases.CreateAccountTest">
        <test-method status="PASS" signature="createAccountTest(java.lang.String, java.lang.String)[pri:0, instance:com.pageobject.testcases.CreateAccountTest@92fab5]" name="createAccountTest" duration-ms="28953" started-at="2018-01-05T11:20:37Z" data-provider="dp" finished-at="2018-01-05T11:21:06Z">
          <params>
            <param index="0">
              <value>
                <![CDATA[Anshul]]>
              </value>
            </param>
            <param index="1">
              <value>
                <![CDATA[Y]]>
              </value>
            </param>
          </params>
          <reporter-output>
            <line>
              <![CDATA[Login Test successfully started]]>
            </line>
            <line>
              <![CDATA[Login Test succesfully executed]]>
            </line>
          </reporter-output>
        </test-method> <!-- createAccountTest -->
      </class> <!-- com.pageobject.testcases.CreateAccountTest -->
    </test> <!-- Create Account Test -->
  </suite> <!-- Page Object Model -->
</testng-results>
