<?xml version="1.0" encoding="UTF-8"?>
<testng-results skipped="0" failed="0" ignored="0" total="1" passed="1">
  <reporter-output>
    <line>
      <![CDATA[Login Test successfully started]]>
    </line>
    <line>
      <![CDATA[Login Test succesfully executed]]>
    </line>
  </reporter-output>
  <suite name="Page Object Model" duration-ms="34799" started-at="2018-01-03T06:27:02Z" finished-at="2018-01-03T06:27:37Z">
    <groups>
    </groups>
    <test name="Login Test" duration-ms="34799" started-at="2018-01-03T06:27:02Z" finished-at="2018-01-03T06:27:37Z">
      <class name="com.pageobject.testcases.LoginTest">
        <test-method status="PASS" signature="loginTest()[pri:0, instance:com.pageobject.testcases.LoginTest@16f61c8]" name="loginTest" duration-ms="34399" started-at="2018-01-03T11:57:02Z" finished-at="2018-01-03T11:57:37Z">
          <reporter-output>
            <line>
              <![CDATA[Login Test successfully started]]>
            </line>
            <line>
              <![CDATA[Login Test succesfully executed]]>
            </line>
          </reporter-output>
        </test-method> <!-- loginTest -->
      </class> <!-- com.pageobject.testcases.LoginTest -->
    </test> <!-- Login Test -->
  </suite> <!-- Page Object Model -->
</testng-results>
