<?xml version="1.0" encoding="UTF-8"?>
<testsuite name="Create Account Test"
           tests="1"
           failures="1"
           errors="0"
           skipped="0"
           time="28.852">
  <properties />
            <testcase name="createAccountTest" time="28.852" classname="com.pageobject.testcases.CreateAccountTest">
                <failure type="org.openqa.selenium.WebDriverException"
                  message="Element is not clickable at point (269, 24.25). Other element would receive the click: &lt;div id=&quot;freezeBackGround&quot; onclick=&quot;javascript:sE(event);&quot; style=&quot;display: block; z-index: 30; position: fixed; top: 0px; left: 0px; height: 667px; width: 1349px;&quot;&gt;&lt;/div&gt;
Command duration or timeout: 85 milliseconds
Build info: version: &apos;2.53.1&apos;, revision: &apos;a36b8b1cd5757287168e54b817830adce9b0158d&apos;, time: &apos;2016-06-30 19:26:09&apos;
System info: host: &apos;ind496&apos;, ip: &apos;10.2.6.54&apos;, os.name: &apos;Windows Vista&apos;, os.arch: &apos;x86&apos;, os.version: &apos;6.0&apos;, java.version: &apos;1.8.0_102&apos;
Driver info: org.openqa.selenium.firefox.FirefoxDriver
Capabilities [{applicationCacheEnabled=true, rotatable=false, handlesAlerts=true, databaseEnabled=true, version=47.0.2, platform=WINDOWS, nativeEvents=false, acceptSslCerts=true, webStorageEnabled=true, locationContextEnabled=true, browserName=firefox, takesScreenshot=true, javascriptEnabled=true, cssSelectorsEnabled=true}]
Session ID: 89b572fa-3d58-41a5-83a9-a70c016e0580"
              >
<![CDATA[org.openqa.selenium.WebDriverException: Element is not clickable at point (269, 24.25). Other element would receive the click: <div id="freezeBackGround" onclick="javascript:sE(event);" style="display: block; z-index: 30; position: fixed; top: 0px; left: 0px; height: 667px; width: 1349px;"></div>
Command duration or timeout: 85 milliseconds
Build info: version: '2.53.1', revision: 'a36b8b1cd5757287168e54b817830adce9b0158d', time: '2016-06-30 19:26:09'
System info: host: 'ind496', ip: '10.2.6.54', os.name: 'Windows Vista', os.arch: 'x86', os.version: '6.0', java.version: '1.8.0_102'
Driver info: org.openqa.selenium.firefox.FirefoxDriver
Capabilities [{applicationCacheEnabled=true, rotatable=false, handlesAlerts=true, databaseEnabled=true, version=47.0.2, platform=WINDOWS, nativeEvents=false, acceptSslCerts=true, webStorageEnabled=true, locationContextEnabled=true, browserName=firefox, takesScreenshot=true, javascriptEnabled=true, cssSelectorsEnabled=true}]
Session ID: 89b572fa-3d58-41a5-83a9-a70c016e0580
  sun.reflect.NativeConstructorAccessorImpl.newInstance0(Native Method)
  sun.reflect.NativeConstructorAccessorImpl.newInstance(NativeConstructorAccessorImpl.java:62)
  sun.reflect.DelegatingConstructorAccessorImpl.newInstance(DelegatingConstructorAccessorImpl.java:45)
  java.lang.reflect.Constructor.newInstance(Constructor.java:423)
  org.openqa.selenium.remote.ErrorHandler.createThrowable(ErrorHandler.java:206)
  org.openqa.selenium.remote.ErrorHandler.throwIfResponseFailed(ErrorHandler.java:158)
  org.openqa.selenium.remote.RemoteWebDriver.execute(RemoteWebDriver.java:678)
  org.openqa.selenium.remote.RemoteWebElement.execute(RemoteWebElement.java:327)
  org.openqa.selenium.remote.RemoteWebElement.click(RemoteWebElement.java:85)
  com.pageobject.base.Page.click(Page.java:184)
  com.pageobject.base.TopMenu.goToAccounts(TopMenu.java:35)
  com.pageobject.testcases.CreateAccountTest.createAccountTest(CreateAccountTest.java:27)
  sun.reflect.NativeMethodAccessorImpl.invoke0(Native Method)
  sun.reflect.NativeMethodAccessorImpl.invoke(NativeMethodAccessorImpl.java:62)
  sun.reflect.DelegatingMethodAccessorImpl.invoke(DelegatingMethodAccessorImpl.java:43)
  java.lang.reflect.Method.invoke(Method.java:498)
  org.testng.internal.MethodInvocationHelper.invokeMethod(MethodInvocationHelper.java:108)
  org.testng.internal.Invoker.invokeMethod(Invoker.java:661)
  org.testng.internal.Invoker.invokeTestMethod(Invoker.java:869)
  org.testng.internal.Invoker.invokeTestMethods(Invoker.java:1193)
  org.testng.internal.TestMethodWorker.invokeTestMethods(TestMethodWorker.java:126)
  org.testng.internal.TestMethodWorker.run(TestMethodWorker.java:109)
  org.testng.TestRunner.privateRun(TestRunner.java:744)
  org.testng.TestRunner.run(TestRunner.java:602)
  org.testng.SuiteRunner.runTest(SuiteRunner.java:380)
  org.testng.SuiteRunner.runSequentially(SuiteRunner.java:375)
  org.testng.SuiteRunner.privateRun(SuiteRunner.java:340)
  org.testng.SuiteRunner.run(SuiteRunner.java:289)
  org.testng.SuiteRunnerWorker.runSuite(SuiteRunnerWorker.java:52)
  org.testng.SuiteRunnerWorker.run(SuiteRunnerWorker.java:86)
  org.testng.TestNG.runSuitesSequentially(TestNG.java:1301)
  org.testng.TestNG.runSuitesLocally(TestNG.java:1226)
  org.testng.TestNG.runSuites(TestNG.java:1144)
  org.testng.TestNG.run(TestNG.java:1115)
  org.apache.maven.surefire.testng.TestNGExecutor.run(TestNGExecutor.java:295)
  org.apache.maven.surefire.testng.TestNGXmlTestSuite.execute(TestNGXmlTestSuite.java:84)
  org.apache.maven.surefire.testng.TestNGProvider.invoke(TestNGProvider.java:90)
  org.apache.maven.surefire.booter.ForkedBooter.invokeProviderInSameClassLoader(ForkedBooter.java:203)
  org.apache.maven.surefire.booter.ForkedBooter.runSuitesInProcess(ForkedBooter.java:155)
  org.apache.maven.surefire.booter.ForkedBooter.main(ForkedBooter.java:103)
]]>
      </failure>

          </testcase>
  
  
  
</testsuite>
